14:29:22 INFO  : Launching XSDB server: xsdb.bat -interactive C:\Users\llamocca\Documents\Research\DFX_cordics\Circular_CORDIC_rep0\NEW\dpr_cordic_soc\project_1\project_1.sdk\temp_xsdb_launch_script.tcl
14:29:24 INFO  : XSDB server has started successfully.
14:29:25 INFO  : Processing command line option -hwspec C:/Users/llamocca/Documents/Research/DFX_cordics/Circular_CORDIC_rep0/NEW/dpr_cordic_soc/project_1/project_1.sdk/design_1_wrapper.hdf.
14:30:40 ERROR : Failed to closesw "C:/Users/llamocca/Documents/Research/DFX_cordics/Circular_CORDIC_rep0/NEW/dpr_cordic_soc/project_1/project_1.sdk/dpr_test_bsp/system.mss"
Reason: Cannot close sw design 'C:/Users/llamocca/Documents/Research/DFX_cordics/Circular_CORDIC_rep0/NEW/dpr_cordic_soc/project_1/project_1.sdk/dpr_test_bsp/system.mss'.
Design is not opened in the current session.


14:30:56 INFO  : No changes in MSS file content so not generating sources.
14:31:36 INFO  : No changes in MSS file content so not generating sources.
14:32:00 ERROR : Failed to regenerate sources for BSP project dpr_test_bsp
org.eclipse.core.internal.resources.ResourceException: Problems encountered while deleting resources.
	at org.eclipse.core.internal.resources.Resource.delete(Resource.java:794)
	at org.eclipse.core.internal.resources.Resource.delete(Resource.java:749)
	at com.xilinx.sdk.sw.ui.handlers.RegenBspSourcesHandler.internalGenerateBsp(RegenBspSourcesHandler.java:170)
	at com.xilinx.sdk.sw.ui.handlers.RegenBspSourcesHandler.access$2(RegenBspSourcesHandler.java:163)
	at com.xilinx.sdk.sw.ui.handlers.RegenBspSourcesHandler$1$1.run(RegenBspSourcesHandler.java:131)
	at org.eclipse.core.internal.resources.Workspace.run(Workspace.java:2241)
	at com.xilinx.sdk.sw.ui.handlers.RegenBspSourcesHandler$1.run(RegenBspSourcesHandler.java:135)
	at org.eclipse.jface.operation.ModalContext$ModalContextThread.run(ModalContext.java:119)
Contains: Could not delete '/dpr_test_bsp/ps7_cortexa9_0'.
org.eclipse.core.internal.resources.ResourceException: Problems encountered while deleting resources.
	at org.eclipse.core.internal.localstore.FileSystemResourceManager.delete(FileSystemResourceManager.java:354)
	at org.eclipse.core.internal.resources.ResourceTree.internalDeleteFolder(ResourceTree.java:358)
	at org.eclipse.core.internal.resources.ResourceTree.standardDeleteFolder(ResourceTree.java:810)
	at org.eclipse.core.internal.resources.Resource.unprotectedDelete(Resource.java:1831)
	at org.eclipse.core.internal.resources.Resource.delete(Resource.java:781)
	at org.eclipse.core.internal.resources.Resource.delete(Resource.java:749)
	at com.xilinx.sdk.sw.ui.handlers.RegenBspSourcesHandler.internalGenerateBsp(RegenBspSourcesHandler.java:170)
	at com.xilinx.sdk.sw.ui.handlers.RegenBspSourcesHandler.access$2(RegenBspSourcesHandler.java:163)
	at com.xilinx.sdk.sw.ui.handlers.RegenBspSourcesHandler$1$1.run(RegenBspSourcesHandler.java:131)
	at org.eclipse.core.internal.resources.Workspace.run(Workspace.java:2241)
	at com.xilinx.sdk.sw.ui.handlers.RegenBspSourcesHandler$1.run(RegenBspSourcesHandler.java:135)
	at org.eclipse.jface.operation.ModalContext$ModalContextThread.run(ModalContext.java:119)
Contains: Problems encountered while deleting files.
Contains: Could not delete: C:\Users\llamocca\Documents\Research\DFX_cordics\Circular_CORDIC_rep0\NEW\dpr_cordic_soc\project_1\project_1.sdk\dpr_test_bsp\ps7_cortexa9_0\include\xil_cache.h.
Contains: Could not delete: C:\Users\llamocca\Documents\Research\DFX_cordics\Circular_CORDIC_rep0\NEW\dpr_cordic_soc\project_1\project_1.sdk\dpr_test_bsp\ps7_cortexa9_0\include.
Contains: Could not delete: C:\Users\llamocca\Documents\Research\DFX_cordics\Circular_CORDIC_rep0\NEW\dpr_cordic_soc\project_1\project_1.sdk\dpr_test_bsp\ps7_cortexa9_0.
14:34:05 INFO  : Launching XSDB server: xsdb.bat -interactive C:\Users\llamocca\Documents\Research\DFX_cordics\Circular_CORDIC_rep0\NEW\dpr_cordic_soc\project_1\project_1.sdk\temp_xsdb_launch_script.tcl
14:34:07 INFO  : XSDB server has started successfully.
14:34:14 INFO  : Processing command line option -hwspec C:/Users/llamocca/Documents/Research/DFX_cordics/Circular_CORDIC_rep0/NEW/dpr_cordic_soc/project_1/project_1.sdk/design_1_wrapper.hdf.
14:34:16 INFO  : Checking for hwspec changes in the project design_1_wrapper_hw_platform_0.
14:38:55 INFO  : No changes in MSS file content so not generating sources.
14:40:11 INFO  : Launching XSDB server: xsdb.bat -interactive C:\Users\llamocca\Documents\Research\DFX_cordics\Circular_CORDIC_rep0\NEW\dpr_cordic_soc\project_1\project_1.sdk\temp_xsdb_launch_script.tcl
14:40:14 INFO  : XSDB server has started successfully.
14:40:15 INFO  : Processing command line option -hwspec C:/Users/llamocca/Documents/Research/DFX_cordics/Circular_CORDIC_rep0/NEW/dpr_cordic_soc/project_1/project_1.sdk/design_1_wrapper.hdf.
14:40:15 INFO  : Checking for hwspec changes in the project design_1_wrapper_hw_platform_0.
14:44:04 INFO  : Refreshed build settings on project dpr_test
14:44:53 INFO  : Refreshed build settings on project dpr_test
14:48:11 INFO  : System reset is completed.
14:48:13 INFO  : FPGA configured successfully with bitstream "C:/Users/llamocca/Documents/Research/DFX_cordics/Circular_CORDIC_rep0/NEW/dpr_flow/Bitstreams/Config_cordic_1.bit"
14:48:16 INFO  : ps7_init is completed.
14:48:16 INFO  : ps7_post_config is completed.
14:50:20 INFO  : Inferring section assignments and sizes from elf file: C:\Users\llamocca\Documents\Research\DFX_cordics\Circular_CORDIC_rep0\NEW\dpr_cordic_soc\project_1\project_1.sdk\dpr_test\Debug\dpr_test.elf
14:50:31 INFO  : Successfully generated C:\Users\llamocca\Documents\Research\DFX_cordics\Circular_CORDIC_rep0\NEW\dpr_cordic_soc\project_1\project_1.sdk\dpr_test\src\lscript.ld.
14:50:31 INFO  : Applying linker script to all configurations of project dpr_test.
14:50:31 INFO  : Setting rebuild state to true for all configurations of project dpr_test.
14:50:39 INFO  : ps7_cortexa9_0 Processor is in use. Please stop existing Run or Debug sessions before launching.
14:50:42 INFO  : System reset is completed.
14:50:44 INFO  : FPGA configured successfully with bitstream "C:/Users/llamocca/Documents/Research/DFX_cordics/Circular_CORDIC_rep0/NEW/dpr_flow/Bitstreams/Config_cordic_1.bit"
14:50:46 INFO  : ps7_init is completed.
14:50:46 INFO  : ps7_post_config is completed.
14:50:58 INFO  : Inferring section assignments and sizes from elf file: C:\Users\llamocca\Documents\Research\DFX_cordics\Circular_CORDIC_rep0\NEW\dpr_cordic_soc\project_1\project_1.sdk\dpr_test\Debug\dpr_test.elf
14:51:18 INFO  : Successfully generated C:\Users\llamocca\Documents\Research\DFX_cordics\Circular_CORDIC_rep0\NEW\dpr_cordic_soc\project_1\project_1.sdk\dpr_test\src\lscript.ld.
14:51:18 INFO  : Applying linker script to all configurations of project dpr_test.
14:51:18 INFO  : Setting rebuild state to true for all configurations of project dpr_test.
14:51:34 INFO  : System reset is completed.
14:51:36 INFO  : FPGA configured successfully with bitstream "C:/Users/llamocca/Documents/Research/DFX_cordics/Circular_CORDIC_rep0/NEW/dpr_flow/Bitstreams/Config_cordic_1.bit"
14:51:39 INFO  : ps7_init is completed.
14:51:39 INFO  : ps7_post_config is completed.
14:52:50 INFO  : ps7_cortexa9_0 Processor is in use. Please stop existing Run or Debug sessions before launching.
14:52:53 INFO  : System reset is completed.
14:52:55 INFO  : FPGA configured successfully with bitstream "C:/Users/llamocca/Documents/Research/DFX_cordics/Circular_CORDIC_rep0/NEW/dpr_flow/Bitstreams/Config_cordic_1.bit"
14:52:58 INFO  : ps7_init is completed.
14:52:58 INFO  : ps7_post_config is completed.
14:53:06 INFO  : Inferring section assignments and sizes from elf file: C:\Users\llamocca\Documents\Research\DFX_cordics\Circular_CORDIC_rep0\NEW\dpr_cordic_soc\project_1\project_1.sdk\dpr_test\Debug\dpr_test.elf
14:53:31 INFO  : Successfully generated C:\Users\llamocca\Documents\Research\DFX_cordics\Circular_CORDIC_rep0\NEW\dpr_cordic_soc\project_1\project_1.sdk\dpr_test\src\lscript.ld.
14:53:31 INFO  : Applying linker script to all configurations of project dpr_test.
14:53:31 INFO  : Setting rebuild state to true for all configurations of project dpr_test.
14:54:07 INFO  : ps7_cortexa9_0 Processor is in use. Please stop existing Run or Debug sessions before launching.
14:54:10 INFO  : System reset is completed.
14:54:12 INFO  : FPGA configured successfully with bitstream "C:/Users/llamocca/Documents/Research/DFX_cordics/Circular_CORDIC_rep0/NEW/dpr_flow/Bitstreams/Config_cordic_1.bit"
14:54:13 INFO  : ps7_init is completed.
14:54:14 INFO  : ps7_post_config is completed.
14:54:55 INFO  : ps7_cortexa9_0 Processor is in use. Please stop existing Run or Debug sessions before launching.
14:54:58 INFO  : System reset is completed.
14:55:01 INFO  : FPGA configured successfully with bitstream "C:/Users/llamocca/Documents/Research/DFX_cordics/Circular_CORDIC_rep0/NEW/dpr_flow/Bitstreams/Config_cordic_1.bit"
14:55:02 INFO  : ps7_init is completed.
14:55:02 INFO  : ps7_post_config is completed.
14:58:39 INFO  : ps7_cortexa9_0 Processor is in use. Please stop existing Run or Debug sessions before launching.
14:58:42 ERROR : Unexpected error while launching program.
java.lang.RuntimeException: Error in Resetting Target

    Could not stop the processor after reset


	at com.xilinx.sdk.targetmanager.internal.TM.doSystemReset(TM.java:988)
	at com.xilinx.sdk.debug.core.XilinxAppLaunchConfigurationDelegate.runTargetSetup(XilinxAppLaunchConfigurationDelegate.java:469)
	at com.xilinx.sdk.debug.core.XilinxAppLaunchConfigurationDelegate.runApplication(XilinxAppLaunchConfigurationDelegate.java:616)
	at com.xilinx.sdk.debug.core.XilinxAppLaunchConfigurationDelegate.launch(XilinxAppLaunchConfigurationDelegate.java:309)
	at com.xilinx.sdk.debug.ui.XilinxAppLaunchDelegateWrapper.launch(XilinxAppLaunchDelegateWrapper.java:31)
	at org.eclipse.debug.internal.core.LaunchConfiguration.launch(LaunchConfiguration.java:885)
	at org.eclipse.debug.internal.core.LaunchConfiguration.launch(LaunchConfiguration.java:739)
	at org.eclipse.debug.internal.ui.DebugUIPlugin.buildAndLaunch(DebugUIPlugin.java:1039)
	at org.eclipse.debug.internal.ui.DebugUIPlugin$8.run(DebugUIPlugin.java:1256)
	at org.eclipse.core.internal.jobs.Worker.run(Worker.java:55)
14:59:00 INFO  : System reset is completed.
14:59:03 INFO  : FPGA configured successfully with bitstream "C:/Users/llamocca/Documents/Research/DFX_cordics/Circular_CORDIC_rep0/NEW/dpr_flow/Bitstreams/Config_cordic_1.bit"
14:59:06 INFO  : ps7_init is completed.
14:59:06 INFO  : ps7_post_config is completed.
15:43:04 INFO  : System reset is completed.
15:43:07 INFO  : FPGA configured successfully with bitstream "C:/Users/llamocca/Documents/Research/DFX_cordics/Circular_CORDIC_rep0/NEW/dpr_flow/Bitstreams/Config_cordic_1.bit"
15:43:09 INFO  : ps7_init is completed.
15:43:09 INFO  : ps7_post_config is completed.
15:59:21 INFO  : ps7_cortexa9_0 Processor is in use. Please stop existing Run or Debug sessions before launching.
15:59:24 INFO  : System reset is completed.
15:59:26 INFO  : FPGA configured successfully with bitstream "C:/Users/llamocca/Documents/Research/DFX_cordics/Circular_CORDIC_rep0/NEW/dpr_flow/Bitstreams/Config_cordic_1.bit"
15:59:29 INFO  : ps7_init is completed.
15:59:29 INFO  : ps7_post_config is completed.
16:00:53 INFO  : ps7_cortexa9_0 Processor is in use. Please stop existing Run or Debug sessions before launching.
16:00:56 INFO  : System reset is completed.
16:00:58 INFO  : FPGA configured successfully with bitstream "C:/Users/llamocca/Documents/Research/DFX_cordics/Circular_CORDIC_rep0/NEW/dpr_flow/Bitstreams/Config_cordic_1.bit"
16:01:00 INFO  : ps7_init is completed.
16:01:00 INFO  : ps7_post_config is completed.
16:27:30 INFO  : System reset is completed.
16:27:33 INFO  : FPGA configured successfully with bitstream "C:/Users/llamocca/Documents/Research/DFX_cordics/Circular_CORDIC_rep0/NEW/dpr_flow/Bitstreams/Config_cordic_1.bit"
16:27:34 INFO  : ps7_init is completed.
16:27:34 INFO  : ps7_post_config is completed.
16:28:45 INFO  : System reset is completed.
16:28:48 INFO  : FPGA configured successfully with bitstream "C:/Users/llamocca/Documents/Research/DFX_cordics/Circular_CORDIC_rep0/NEW/dpr_flow/Bitstreams/Config_cordic_1.bit"
16:28:49 INFO  : ps7_init is completed.
16:28:49 INFO  : ps7_post_config is completed.
16:56:33 INFO  : System reset is completed.
16:56:35 INFO  : FPGA configured successfully with bitstream "C:/Users/llamocca/Documents/Research/DFX_cordics/Circular_CORDIC_rep0/NEW/dpr_flow/Bitstreams/Config_cordic_1.bit"
16:56:37 INFO  : ps7_init is completed.
16:56:37 INFO  : ps7_post_config is completed.
10:09:05 INFO  : Launching XSDB server: xsdb.bat -interactive C:\Users\llamocca\Documents\Research\DFX_cordics\Circular_CORDIC_rep0\NEW\dpr_cordic_soc\project_1\project_1.sdk\temp_xsdb_launch_script.tcl
10:09:11 INFO  : XSDB server has started successfully.
10:09:18 INFO  : Processing command line option -hwspec C:/Users/llamocca/Documents/Research/DFX_cordics/Circular_CORDIC_rep0/NEW/dpr_cordic_soc/project_1/project_1.sdk/design_1_wrapper.hdf.
10:09:18 INFO  : Checking for hwspec changes in the project design_1_wrapper_hw_platform_0.
18:15:23 ERROR : Unexpected error while launching program.
com.xilinx.sdk.targetmanager.TMException: 
    Unknown Error Occured
    Cable is not connected to the host

	at com.xilinx.sdk.targetmanager.internal.TM.connectToProcessor(TM.java:484)
	at com.xilinx.sdk.debug.core.XilinxAppLaunchConfigurationDelegate.runTargetSetup(XilinxAppLaunchConfigurationDelegate.java:464)
	at com.xilinx.sdk.debug.core.XilinxAppLaunchConfigurationDelegate.runApplication(XilinxAppLaunchConfigurationDelegate.java:616)
	at com.xilinx.sdk.debug.core.XilinxAppLaunchConfigurationDelegate.launch(XilinxAppLaunchConfigurationDelegate.java:309)
	at com.xilinx.sdk.debug.ui.XilinxAppLaunchDelegateWrapper.launch(XilinxAppLaunchDelegateWrapper.java:31)
	at org.eclipse.debug.internal.core.LaunchConfiguration.launch(LaunchConfiguration.java:885)
	at org.eclipse.debug.internal.core.LaunchConfiguration.launch(LaunchConfiguration.java:739)
	at org.eclipse.debug.internal.ui.DebugUIPlugin.buildAndLaunch(DebugUIPlugin.java:1039)
	at org.eclipse.debug.internal.ui.DebugUIPlugin$8.run(DebugUIPlugin.java:1256)
	at org.eclipse.core.internal.jobs.Worker.run(Worker.java:55)
18:15:57 INFO  : Inferring section assignments and sizes from elf file: C:\Users\llamocca\Documents\Research\DFX_cordics\Circular_CORDIC_rep0\NEW\dpr_cordic_soc\project_1\project_1.sdk\dpr_test\Debug\dpr_test.elf
18:16:31 INFO  : System reset is completed.
18:16:34 INFO  : FPGA configured successfully with bitstream "C:/Users/llamocca/Documents/Research/DFX_cordics/Circular_CORDIC_rep0/NEW/dpr_flow/Bitstreams/Config_cordic_1.bit"
18:16:37 INFO  : ps7_init is completed.
18:16:37 INFO  : ps7_post_config is completed.
18:16:38 ERROR : Unexpected error while opening JTAG UART: 
java.lang.RuntimeException: Error while opening JTAG UART server: MDM Uart NOT Present in the System
Could not detect MDM peripheral on hardware. Please check:
    1. If FPGA is configured correctly
    2. MDM Core is instantiated in the design
    3. If the correct FPGA is referred, in case of multiple FPGAs
    4. If the correct MDM is referred, in case of a multiple MDM system
    

	at com.xilinx.sdk.targetmanager.internal.TM.startJTAGUARTServer(TM.java:951)
	at com.xilinx.sdk.debug.core.internal.comm.JTAGUARTStreamsProxy.<init>(JTAGUARTStreamsProxy.java:32)
	at com.xilinx.sdk.debug.core.internal.RemoteProcess.createStreamsProxy(RemoteProcess.java:164)
	at com.xilinx.sdk.debug.core.internal.RemoteProcess.<init>(RemoteProcess.java:65)
	at com.xilinx.sdk.debug.core.internal.AppRunner.run(AppRunner.java:91)
	at com.xilinx.sdk.debug.core.XilinxAppLaunchConfigurationDelegate.runApplication(XilinxAppLaunchConfigurationDelegate.java:637)
	at com.xilinx.sdk.debug.core.XilinxAppLaunchConfigurationDelegate.launch(XilinxAppLaunchConfigurationDelegate.java:309)
	at com.xilinx.sdk.debug.ui.XilinxAppLaunchDelegateWrapper.launch(XilinxAppLaunchDelegateWrapper.java:31)
	at org.eclipse.debug.internal.core.LaunchConfiguration.launch(LaunchConfiguration.java:885)
	at org.eclipse.debug.internal.core.LaunchConfiguration.launch(LaunchConfiguration.java:739)
	at org.eclipse.debug.internal.ui.DebugUIPlugin.buildAndLaunch(DebugUIPlugin.java:1039)
	at org.eclipse.debug.internal.ui.DebugUIPlugin$8.run(DebugUIPlugin.java:1256)
	at org.eclipse.core.internal.jobs.Worker.run(Worker.java:55)
18:17:06 INFO  : System reset is completed.
18:17:09 INFO  : FPGA configured successfully with bitstream "C:/Users/llamocca/Documents/Research/DFX_cordics/Circular_CORDIC_rep0/NEW/dpr_flow/Bitstreams/Config_cordic_1.bit"
18:17:12 INFO  : ps7_init is completed.
18:17:12 INFO  : ps7_post_config is completed.
18:20:11 INFO  : System reset is completed.
18:20:14 INFO  : FPGA configured successfully with bitstream "C:/Users/llamocca/Documents/Research/DFX_cordics/Circular_CORDIC_rep0/NEW/dpr_flow/Bitstreams/Config_cordic_1.bit"
18:20:18 INFO  : ps7_init is completed.
18:20:18 INFO  : ps7_post_config is completed.
18:23:48 INFO  : Inferring section assignments and sizes from elf file: C:\Users\llamocca\Documents\Research\DFX_cordics\Circular_CORDIC_rep0\NEW\dpr_cordic_soc\project_1\project_1.sdk\dpr_test\Debug\dpr_test.elf
10:56:29 INFO  : System reset is completed.
10:56:32 INFO  : FPGA configured successfully with bitstream "C:/Users/llamocca/Documents/Research/DFX_cordics/Circular_CORDIC_rep0/NEW/dpr_flow/Bitstreams/Config_cordic_1.bit"
10:56:35 INFO  : ps7_init is completed.
10:56:35 INFO  : ps7_post_config is completed.
10:57:23 INFO  : ps7_cortexa9_0 Processor is in use. Please stop existing Run or Debug sessions before launching.
10:57:27 INFO  : System reset is completed.
10:57:30 INFO  : FPGA configured successfully with bitstream "C:/Users/llamocca/Documents/Research/DFX_cordics/Circular_CORDIC_rep0/NEW/dpr_flow/Bitstreams/Config_cordic_1.bit"
10:57:32 INFO  : ps7_init is completed.
10:57:32 INFO  : ps7_post_config is completed.
11:08:56 INFO  : System reset is completed.
11:08:59 INFO  : FPGA configured successfully with bitstream "C:/Users/llamocca/Documents/Research/DFX_cordics/Circular_CORDIC_rep0/NEW/dpr_flow/Bitstreams/Config_cordic_1.bit"
11:09:01 INFO  : ps7_init is completed.
11:09:01 INFO  : ps7_post_config is completed.
11:12:35 INFO  : ps7_cortexa9_0 Processor is in use. Please stop existing Run or Debug sessions before launching.
11:12:37 INFO  : System reset is completed.
11:12:40 INFO  : FPGA configured successfully with bitstream "C:/Users/llamocca/Documents/Research/DFX_cordics/Circular_CORDIC_rep0/NEW/dpr_flow/Bitstreams/Config_cordic_1.bit"
11:12:43 INFO  : ps7_init is completed.
11:12:43 INFO  : ps7_post_config is completed.
11:26:12 INFO  : System reset is completed.
11:26:14 INFO  : FPGA configured successfully with bitstream "C:/Users/llamocca/Documents/Research/DFX_cordics/Circular_CORDIC_rep0/NEW/dpr_flow/Bitstreams/Config_cordic_1.bit"
11:26:16 INFO  : ps7_init is completed.
11:26:16 INFO  : ps7_post_config is completed.
